build/app/intermediates/manifest_merge_blame_file/release/manifest-merger-blame-release-report.txt
1<?xml version="1.0" encoding="utf-8"?>
2<manifest xmlns:android="http://schemas.android.com/apk/res/android"
3    package="com.brigantina.invent"
4    android:versionCode="1"
5    android:versionName="1.0.0" >
6
7    <uses-sdk
8        android:minSdkVersion="21"
8-->src\main\AndroidManifest.xml
9        android:targetSdkVersion="30" />
9-->src\main\AndroidManifest.xml
10
11    <uses-permission android:name="android.permission.ACCESS_FINE_LOCATION" />
11-->src\main\AndroidManifest.xml:4:5-79
11-->src\main\AndroidManifest.xml:4:22-76
12    <uses-permission android:name="android.permission.WRITE_EXTERNAL_STORAGE" />
12-->src\main\AndroidManifest.xml:5:5-81
12-->src\main\AndroidManifest.xml:5:22-78
13    <uses-permission android:name="android.permission.READ_EXTERNAL_STORAGE" />
13-->src\main\AndroidManifest.xml:6:5-80
13-->src\main\AndroidManifest.xml:6:22-77
14    <uses-permission android:name="android.permission.ACCESS_NETWORK_STATE" />
14-->src\main\AndroidManifest.xml:7:5-79
14-->src\main\AndroidManifest.xml:7:22-76
15    <uses-permission android:name="android.permission.ACCESS_COARSE_LOCATION" />
15-->src\main\AndroidManifest.xml:8:5-81
15-->src\main\AndroidManifest.xml:8:22-78
16    <uses-permission android:name="android.permission.INTERNET" />
16-->src\main\AndroidManifest.xml:9:5-67
16-->src\main\AndroidManifest.xml:9:22-64
17    <uses-permission android:name="android.permission.RECORD_AUDIO" />
17-->src\main\AndroidManifest.xml:10:5-70
17-->src\main\AndroidManifest.xml:10:22-68
18    <uses-permission android:name="android.permission.FOREGROUND_SERVICE" />
18-->src\main\AndroidManifest.xml:11:5-76
18-->src\main\AndroidManifest.xml:11:22-74
19    <uses-permission android:name="android.Manifest.permission.WRITE_EXTERNAL_STORAGE" />
19-->src\main\AndroidManifest.xml:12:5-89
19-->src\main\AndroidManifest.xml:12:22-87
20    <uses-permission android:name="android.Manifest.permission.READ_EXTERNAL_STORAGE" />
20-->src\main\AndroidManifest.xml:13:5-88
20-->src\main\AndroidManifest.xml:13:22-86
21    <uses-permission android:name="android.Manifest.permission.MANAGE_EXTERNAL_STORAGE" />
21-->src\main\AndroidManifest.xml:14:5-90
21-->src\main\AndroidManifest.xml:14:22-88
22    <uses-permission android:name="android.permission.REQUEST_INSTALL_PACKAGES" />
22-->[:open_file] AndroidManifest.xml:8:5-83
22-->[:open_file] AndroidManifest.xml:8:22-80
23    <uses-permission android:name="android.permission.CAMERA" />
23-->[:barcode_scan2] AndroidManifest.xml:7:5-65
23-->[:barcode_scan2] AndroidManifest.xml:7:22-62
24
25    <application
26        android:name="android.app.Application"
26-->src\main\AndroidManifest.xml:18:9-42
27        android:appComponentFactory="androidx.core.app.CoreComponentFactory"
27-->[androidx.core:core:1.7.0] AndroidManifest.xml:24:18-86
28        android:icon="@mipmap/ic_launcher"
28-->src\main\AndroidManifest.xml:19:9-43
29        android:label="INVENT" >
29-->src\main\AndroidManifest.xml:17:9-31
30        <activity
30-->src\main\AndroidManifest.xml:20:9-40:20
31            android:name="com.example.untitled3.MainActivity"
31-->src\main\AndroidManifest.xml:21:13-41
32            android:configChanges="orientation|keyboardHidden|keyboard|screenSize|smallestScreenSize|locale|layoutDirection|fontScale|screenLayout|density|uiMode"
32-->src\main\AndroidManifest.xml:25:13-163
33            android:exported="true"
33-->src\main\AndroidManifest.xml:22:13-36
34            android:hardwareAccelerated="true"
34-->src\main\AndroidManifest.xml:26:13-47
35            android:launchMode="singleTop"
35-->src\main\AndroidManifest.xml:23:13-43
36            android:theme="@style/LaunchTheme"
36-->src\main\AndroidManifest.xml:24:13-47
37            android:windowSoftInputMode="adjustResize" >
37-->src\main\AndroidManifest.xml:27:13-55
38
39            <!--
40                 Specifies an Android theme to apply to this Activity as soon as
41                 the Android process has started. This theme is visible to the user
42                 while the Flutter UI initializes. After that, this theme continues
43                 to determine the Window background behind the Flutter UI.
44            -->
45            <meta-data
45-->src\main\AndroidManifest.xml:32:13-35:17
46                android:name="io.flutter.embedding.android.NormalTheme"
46-->src\main\AndroidManifest.xml:33:15-70
47                android:resource="@style/NormalTheme" />
47-->src\main\AndroidManifest.xml:34:15-52
48
49            <intent-filter>
49-->src\main\AndroidManifest.xml:36:13-39:29
50                <action android:name="android.intent.action.MAIN" />
50-->src\main\AndroidManifest.xml:37:17-68
50-->src\main\AndroidManifest.xml:37:25-66
51
52                <category android:name="android.intent.category.LAUNCHER" />
52-->src\main\AndroidManifest.xml:38:17-76
52-->src\main\AndroidManifest.xml:38:27-74
53            </intent-filter>
54        </activity>
55        <!--
56             Don't delete the meta-data below.
57             This is used by the Flutter tool to generate GeneratedPluginRegistrant.java
58        -->
59        <meta-data
59-->src\main\AndroidManifest.xml:43:9-45:33
60            android:name="flutterEmbedding"
60-->src\main\AndroidManifest.xml:44:13-44
61            android:value="2" />
61-->src\main\AndroidManifest.xml:45:13-30
62
63        <service
63-->[:firebase_auth] AndroidManifest.xml:8:9-12:19
64            android:name="com.google.firebase.components.ComponentDiscoveryService"
64-->[:firebase_auth] AndroidManifest.xml:8:18-89
65            android:directBootAware="true"
65-->[com.google.firebase:firebase-common:20.1.1] AndroidManifest.xml:35:13-43
66            android:exported="false" >
66-->[com.google.firebase:firebase-auth:21.0.5] AndroidManifest.xml:66:13-37
67            <meta-data
67-->[:firebase_auth] AndroidManifest.xml:9:13-11:85
68                android:name="com.google.firebase.components:io.flutter.plugins.firebase.auth.FlutterFirebaseAuthRegistrar"
68-->[:firebase_auth] AndroidManifest.xml:10:17-124
69                android:value="com.google.firebase.components.ComponentRegistrar" />
69-->[:firebase_auth] AndroidManifest.xml:11:17-82
70            <meta-data
70-->[:cloud_firestore] AndroidManifest.xml:9:13-11:85
71                android:name="com.google.firebase.components:io.flutter.plugins.firebase.firestore.FlutterFirebaseFirestoreRegistrar"
71-->[:cloud_firestore] AndroidManifest.xml:10:17-134
72                android:value="com.google.firebase.components.ComponentRegistrar" />
72-->[:cloud_firestore] AndroidManifest.xml:11:17-82
73            <meta-data
73-->[:firebase_core] AndroidManifest.xml:9:13-11:85
74                android:name="com.google.firebase.components:io.flutter.plugins.firebase.core.FlutterFirebaseCoreRegistrar"
74-->[:firebase_core] AndroidManifest.xml:10:17-124
75                android:value="com.google.firebase.components.ComponentRegistrar" />
75-->[:firebase_core] AndroidManifest.xml:11:17-82
76            <meta-data
76-->[com.google.firebase:firebase-auth:21.0.5] AndroidManifest.xml:67:13-69:85
77                android:name="com.google.firebase.components:com.google.firebase.auth.FirebaseAuthRegistrar"
77-->[com.google.firebase:firebase-auth:21.0.5] AndroidManifest.xml:68:17-109
78                android:value="com.google.firebase.components.ComponentRegistrar" />
78-->[com.google.firebase:firebase-auth:21.0.5] AndroidManifest.xml:69:17-82
79            <meta-data
79-->[com.google.firebase:firebase-firestore:24.1.2] AndroidManifest.xml:20:13-22:85
80                android:name="com.google.firebase.components:com.google.firebase.firestore.FirestoreRegistrar"
80-->[com.google.firebase:firebase-firestore:24.1.2] AndroidManifest.xml:21:17-111
81                android:value="com.google.firebase.components.ComponentRegistrar" />
81-->[com.google.firebase:firebase-firestore:24.1.2] AndroidManifest.xml:22:17-82
82        </service>
83
84        <provider
84-->[:open_file] AndroidManifest.xml:12:9-21:20
85            android:name="com.crazecoder.openfile.FileProvider"
85-->[:open_file] AndroidManifest.xml:13:13-64
86            android:authorities="com.brigantina.invent.fileProvider.com.crazecoder.openfile"
86-->[:open_file] AndroidManifest.xml:14:13-88
87            android:exported="false"
87-->[:open_file] AndroidManifest.xml:15:13-37
88            android:grantUriPermissions="true" >
88-->[:open_file] AndroidManifest.xml:16:13-47
89            <meta-data
89-->[:open_file] AndroidManifest.xml:18:13-20:53
90                android:name="android.support.FILE_PROVIDER_PATHS"
90-->[:open_file] AndroidManifest.xml:19:17-67
91                android:resource="@xml/filepaths" />
91-->[:open_file] AndroidManifest.xml:20:17-50
92        </provider>
93        <provider
93-->[:share_plus] AndroidManifest.xml:8:9-16:20
94            android:name="dev.fluttercommunity.plus.share.ShareFileProvider"
94-->[:share_plus] AndroidManifest.xml:9:13-77
95            android:authorities="com.brigantina.invent.flutter.share_provider"
95-->[:share_plus] AndroidManifest.xml:10:13-74
96            android:exported="false"
96-->[:share_plus] AndroidManifest.xml:11:13-37
97            android:grantUriPermissions="true" >
97-->[:share_plus] AndroidManifest.xml:12:13-47
98            <meta-data
98-->[:open_file] AndroidManifest.xml:18:13-20:53
99                android:name="android.support.FILE_PROVIDER_PATHS"
99-->[:open_file] AndroidManifest.xml:19:17-67
100                android:resource="@xml/flutter_share_file_paths" />
100-->[:open_file] AndroidManifest.xml:20:17-50
101        </provider>
102
103        <activity
103-->[:url_launcher_android] AndroidManifest.xml:8:9-11:74
104            android:name="io.flutter.plugins.urllauncher.WebViewActivity"
104-->[:url_launcher_android] AndroidManifest.xml:9:13-74
105            android:exported="false"
105-->[:url_launcher_android] AndroidManifest.xml:10:13-37
106            android:theme="@android:style/Theme.NoTitleBar.Fullscreen" />
106-->[:url_launcher_android] AndroidManifest.xml:11:13-71
107        <activity android:name="de.mintware.barcode_scan.BarcodeScannerActivity" />
107-->[:barcode_scan2] AndroidManifest.xml:10:9-84
107-->[:barcode_scan2] AndroidManifest.xml:10:19-81
108
109        <uses-library
109-->[androidx.window:window:1.0.0-beta04] AndroidManifest.xml:25:9-27:40
110            android:name="androidx.window.extensions"
110-->[androidx.window:window:1.0.0-beta04] AndroidManifest.xml:26:13-54
111            android:required="false" />
111-->[androidx.window:window:1.0.0-beta04] AndroidManifest.xml:27:13-37
112        <uses-library
112-->[androidx.window:window:1.0.0-beta04] AndroidManifest.xml:28:9-30:40
113            android:name="androidx.window.sidecar"
113-->[androidx.window:window:1.0.0-beta04] AndroidManifest.xml:29:13-51
114            android:required="false" />
114-->[androidx.window:window:1.0.0-beta04] AndroidManifest.xml:30:13-37
115
116        <activity
116-->[com.google.firebase:firebase-auth:21.0.5] AndroidManifest.xml:27:9-44:20
117            android:name="com.google.firebase.auth.internal.GenericIdpActivity"
117-->[com.google.firebase:firebase-auth:21.0.5] AndroidManifest.xml:28:13-80
118            android:excludeFromRecents="true"
118-->[com.google.firebase:firebase-auth:21.0.5] AndroidManifest.xml:29:13-46
119            android:exported="true"
119-->[com.google.firebase:firebase-auth:21.0.5] AndroidManifest.xml:30:13-36
120            android:launchMode="singleTask"
120-->[com.google.firebase:firebase-auth:21.0.5] AndroidManifest.xml:31:13-44
121            android:theme="@android:style/Theme.Translucent.NoTitleBar" >
121-->[com.google.firebase:firebase-auth:21.0.5] AndroidManifest.xml:32:13-72
122            <intent-filter>
122-->[com.google.firebase:firebase-auth:21.0.5] AndroidManifest.xml:33:13-43:29
123                <action android:name="android.intent.action.VIEW" />
123-->[com.google.firebase:firebase-auth:21.0.5] AndroidManifest.xml:34:17-69
123-->[com.google.firebase:firebase-auth:21.0.5] AndroidManifest.xml:34:25-66
124
125                <category android:name="android.intent.category.DEFAULT" />
125-->[com.google.firebase:firebase-auth:21.0.5] AndroidManifest.xml:36:17-76
125-->[com.google.firebase:firebase-auth:21.0.5] AndroidManifest.xml:36:27-73
126                <category android:name="android.intent.category.BROWSABLE" />
126-->[com.google.firebase:firebase-auth:21.0.5] AndroidManifest.xml:37:17-78
126-->[com.google.firebase:firebase-auth:21.0.5] AndroidManifest.xml:37:27-75
127
128                <data
128-->[com.google.firebase:firebase-auth:21.0.5] AndroidManifest.xml:39:17-42:51
129                    android:host="firebase.auth"
129-->[com.google.firebase:firebase-auth:21.0.5] AndroidManifest.xml:40:21-49
130                    android:path="/"
130-->[com.google.firebase:firebase-auth:21.0.5] AndroidManifest.xml:41:21-37
131                    android:scheme="genericidp" />
131-->[com.google.firebase:firebase-auth:21.0.5] AndroidManifest.xml:42:21-48
132            </intent-filter>
133        </activity>
134        <activity
134-->[com.google.firebase:firebase-auth:21.0.5] AndroidManifest.xml:45:9-62:20
135            android:name="com.google.firebase.auth.internal.RecaptchaActivity"
135-->[com.google.firebase:firebase-auth:21.0.5] AndroidManifest.xml:46:13-79
136            android:excludeFromRecents="true"
136-->[com.google.firebase:firebase-auth:21.0.5] AndroidManifest.xml:47:13-46
137            android:exported="true"
137-->[com.google.firebase:firebase-auth:21.0.5] AndroidManifest.xml:48:13-36
138            android:launchMode="singleTask"
138-->[com.google.firebase:firebase-auth:21.0.5] AndroidManifest.xml:49:13-44
139            android:theme="@android:style/Theme.Translucent.NoTitleBar" >
139-->[com.google.firebase:firebase-auth:21.0.5] AndroidManifest.xml:50:13-72
140            <intent-filter>
140-->[com.google.firebase:firebase-auth:21.0.5] AndroidManifest.xml:51:13-61:29
141                <action android:name="android.intent.action.VIEW" />
141-->[com.google.firebase:firebase-auth:21.0.5] AndroidManifest.xml:34:17-69
141-->[com.google.firebase:firebase-auth:21.0.5] AndroidManifest.xml:34:25-66
142
143                <category android:name="android.intent.category.DEFAULT" />
143-->[com.google.firebase:firebase-auth:21.0.5] AndroidManifest.xml:36:17-76
143-->[com.google.firebase:firebase-auth:21.0.5] AndroidManifest.xml:36:27-73
144                <category android:name="android.intent.category.BROWSABLE" />
144-->[com.google.firebase:firebase-auth:21.0.5] AndroidManifest.xml:37:17-78
144-->[com.google.firebase:firebase-auth:21.0.5] AndroidManifest.xml:37:27-75
145
146                <data
146-->[com.google.firebase:firebase-auth:21.0.5] AndroidManifest.xml:39:17-42:51
147                    android:host="firebase.auth"
147-->[com.google.firebase:firebase-auth:21.0.5] AndroidManifest.xml:40:21-49
148                    android:path="/"
148-->[com.google.firebase:firebase-auth:21.0.5] AndroidManifest.xml:41:21-37
149                    android:scheme="recaptcha" />
149-->[com.google.firebase:firebase-auth:21.0.5] AndroidManifest.xml:42:21-48
150            </intent-filter>
151        </activity>
152
153        <provider
153-->[com.google.firebase:firebase-common:20.1.1] AndroidManifest.xml:26:9-31:39
154            android:name="com.google.firebase.provider.FirebaseInitProvider"
154-->[com.google.firebase:firebase-common:20.1.1] AndroidManifest.xml:27:13-77
155            android:authorities="com.brigantina.invent.firebaseinitprovider"
155-->[com.google.firebase:firebase-common:20.1.1] AndroidManifest.xml:28:13-72
156            android:directBootAware="true"
156-->[com.google.firebase:firebase-common:20.1.1] AndroidManifest.xml:29:13-43
157            android:exported="false"
157-->[com.google.firebase:firebase-common:20.1.1] AndroidManifest.xml:30:13-37
158            android:initOrder="100" />
158-->[com.google.firebase:firebase-common:20.1.1] AndroidManifest.xml:31:13-36
159
160        <activity
160-->[com.google.android.gms:play-services-base:18.0.1] AndroidManifest.xml:20:9-22:45
161            android:name="com.google.android.gms.common.api.GoogleApiActivity"
161-->[com.google.android.gms:play-services-base:18.0.1] AndroidManifest.xml:20:19-85
162            android:exported="false"
162-->[com.google.android.gms:play-services-base:18.0.1] AndroidManifest.xml:22:19-43
163            android:theme="@android:style/Theme.Translucent.NoTitleBar" />
163-->[com.google.android.gms:play-services-base:18.0.1] AndroidManifest.xml:21:19-78
164
165        <meta-data
165-->[com.google.android.gms:play-services-basement:18.0.0] AndroidManifest.xml:21:9-23:69
166            android:name="com.google.android.gms.version"
166-->[com.google.android.gms:play-services-basement:18.0.0] AndroidManifest.xml:22:13-58
167            android:value="@integer/google_play_services_version" />
167-->[com.google.android.gms:play-services-basement:18.0.0] AndroidManifest.xml:23:13-66
168    </application>
169
170</manifest>